<?xml version="1.0" encoding="UTF-8"?>
<!-- Generated by org.testng.reporters.JUnitReportReporter -->
<testsuite hostname="Ripperl" failures="0" tests="1" name="com.nopcommerce.demo.testCases.Login" time="3.372" errors="0" timestamp="2022-10-28T13:11:53 PDT" skipped="0">
  <testcase classname="com.nopcommerce.demo.testCases.Login" name="LoginTest" time="3.372"/>
  <system-out/>
</testsuite> <!-- com.nopcommerce.demo.testCases.Login -->
